[02.04.2019	13:48:33:236]	[CREATED]	[New LogFile created!]
[02.04.2019	14:26:46:828]	[CREATED]	[New LogFile created!]
[02.04.2019	14:30:51:518]	[CREATED]	[New LogFile created!]
[02.04.2019	14:34:02:103]	[CREATED]	[New LogFile created!]
[02.04.2019	14:35:53:449]	[CREATED]	[New LogFile created!]
[02.04.2019	14:50:49:578]	[CREATED]	[New LogFile created!]
[02.04.2019	14:51:46:049]	[CREATED]	[New LogFile created!]
[02.04.2019	14:53:00:098]	[CREATED]	[New LogFile created!]
[02.04.2019	14:54:16:147]	[CREATED]	[New LogFile created!]
[02.04.2019	15:04:14:019]	[CREATED]	[New LogFile created!]
[02.04.2019	15:06:49:283]	[CREATED]	[New LogFile created!]
[02.04.2019	15:07:59:537]	[CREATED]	[New LogFile created!]
[02.04.2019	15:08:59:250]	[CREATED]	[New LogFile created!]
[02.04.2019	15:09:19:069]	[CREATED]	[New LogFile created!]
[02.04.2019	15:10:25:347]	[CREATED]	[New LogFile created!]
[02.04.2019	15:14:26:480]	[CREATED]	[New LogFile created!]
[02.04.2019	15:16:29:045]	[CREATED]	[New LogFile created!]
[02.04.2019	16:06:15:915]	[CREATED]	[New LogFile created!]
[02.04.2019	16:21:55:063]	[CREATED]	[New LogFile created!]
[02.04.2019	16:22:30:015]	[CREATED]	[New LogFile created!]
[02.04.2019	16:23:58:726]	[CREATED]	[New LogFile created!]
[02.04.2019	16:28:55:134]	[CREATED]	[New LogFile created!]
[02.04.2019	16:31:12:950]	[CREATED]	[New LogFile created!]
[02.04.2019	16:34:20:242]	[CREATED]	[New LogFile created!]
[02.04.2019	16:52:38:379]	[CREATED]	[New LogFile created!]
[02.04.2019	16:53:52:587]	[CREATED]	[New LogFile created!]
[02.04.2019	16:55:00:880]	[CREATED]	[New LogFile created!]
[02.04.2019	16:58:30:605]	[CREATED]	[New LogFile created!]
[02.04.2019	17:03:48:814]	[CREATED]	[New LogFile created!]
[02.04.2019	17:08:58:084]	[CREATED]	[New LogFile created!]
[02.04.2019	17:09:05:912]	[CREATED]	[New LogFile created!]
[02.04.2019	17:11:00:035]	[CREATED]	[New LogFile created!]
[02.04.2019	17:11:38:041]	[CREATED]	[New LogFile created!]
[02.04.2019	17:12:01:401]	[CREATED]	[New LogFile created!]
[02.04.2019	17:18:06:015]	[CREATED]	[New LogFile created!]
[02.04.2019	17:48:43:533]	[CREATED]	[New LogFile created!]
[02.04.2019	17:51:19:621]	[CREATED]	[New LogFile created!]
[02.04.2019	17:53:51:817]	[CREATED]	[New LogFile created!]
[02.04.2019	17:54:31:748]	[CREATED]	[New LogFile created!]
[02.04.2019	17:55:41:163]	[CREATED]	[New LogFile created!]
[02.04.2019	17:57:38:823]	[CREATED]	[New LogFile created!]
[02.04.2019	17:58:52:123]	[CREATED]	[New LogFile created!]
[02.04.2019	18:02:57:770]	[CREATED]	[New LogFile created!]
[02.04.2019	18:04:03:004]	[CREATED]	[New LogFile created!]
[02.04.2019	18:15:38:520]	[CREATED]	[New LogFile created!]
[02.04.2019	18:16:53:681]	[CREATED]	[New LogFile created!]
[02.04.2019	18:17:59:994]	[CREATED]	[New LogFile created!]
[02.04.2019	18:19:14:267]	[CREATED]	[New LogFile created!]
[02.04.2019	18:19:41:927]	[CREATED]	[New LogFile created!]
[02.04.2019	18:22:00:426]	[CREATED]	[New LogFile created!]
[02.04.2019	18:22:46:546]	[CREATED]	[New LogFile created!]
[02.04.2019	18:23:58:203]	[CREATED]	[New LogFile created!]
[02.04.2019	18:24:59:634]	[CREATED]	[New LogFile created!]
[02.04.2019	18:25:32:642]	[CREATED]	[New LogFile created!]
[02.04.2019	18:37:35:955]	[CREATED]	[New LogFile created!]
[02.04.2019	18:38:44:398]	[CREATED]	[New LogFile created!]
[02.04.2019	18:42:58:741]	[CREATED]	[New LogFile created!]
[02.04.2019	18:46:09:922]	[CREATED]	[New LogFile created!]
[02.04.2019	18:48:41:872]	[CREATED]	[New LogFile created!]
[02.04.2019	18:49:06:279]	[CREATED]	[New LogFile created!]
[02.04.2019	18:49:28:124]	[CREATED]	[New LogFile created!]
[02.04.2019	18:50:04:795]	[CREATED]	[New LogFile created!]
[02.04.2019	18:52:15:317]	[CREATED]	[New LogFile created!]
[02.04.2019	18:52:29:542]	[CREATED]	[New LogFile created!]
[02.04.2019	18:53:10:026]	[CREATED]	[New LogFile created!]
[02.04.2019	18:53:24:004]	[CREATED]	[New LogFile created!]
[02.04.2019	18:54:28:187]	[CREATED]	[New LogFile created!]
[02.04.2019	18:54:42:612]	[CREATED]	[New LogFile created!]
[02.04.2019	18:55:14:512]	[CREATED]	[New LogFile created!]
[02.04.2019	18:55:30:235]	[CREATED]	[New LogFile created!]
[02.04.2019	18:57:07:011]	[CREATED]	[New LogFile created!]
[02.04.2019	18:58:20:540]	[CREATED]	[New LogFile created!]
[02.04.2019	18:58:54:325]	[CREATED]	[New LogFile created!]
[02.04.2019	18:59:05:623]	[CREATED]	[New LogFile created!]
[02.04.2019	19:08:52:038]	[CREATED]	[New LogFile created!]
[02.04.2019	19:14:47:212]	[CREATED]	[New LogFile created!]
[02.04.2019	19:15:32:008]	[CREATED]	[New LogFile created!]
[02.04.2019	19:16:06:866]	[CREATED]	[New LogFile created!]
[02.04.2019	19:17:41:903]	[CREATED]	[New LogFile created!]
[02.04.2019	19:24:30:568]	[CREATED]	[New LogFile created!]
[02.04.2019	19:26:43:432]	[CREATED]	[New LogFile created!]
[02.04.2019	19:27:46:814]	[CREATED]	[New LogFile created!]
[02.04.2019	19:28:32:819]	[CREATED]	[New LogFile created!]
[02.04.2019	19:29:25:604]	[CREATED]	[New LogFile created!]
[02.04.2019	19:31:27:380]	[CREATED]	[New LogFile created!]
[02.04.2019	19:32:27:779]	[CREATED]	[New LogFile created!]
[02.04.2019	19:34:01:312]	[CREATED]	[New LogFile created!]
[02.04.2019	19:34:35:178]	[CREATED]	[New LogFile created!]
[02.04.2019	19:50:51:297]	[CREATED]	[New LogFile created!]
[02.04.2019	19:51:11:721]	[CREATED]	[New LogFile created!]
<<<<<<< HEAD
[02.04.2019	21:07:09:229]	[CREATED]	[New LogFile created!]
[02.04.2019	21:16:43:755]	[CREATED]	[New LogFile created!]
[02.04.2019	21:18:30:340]	[CREATED]	[New LogFile created!]
[02.04.2019	21:19:23:278]	[CREATED]	[New LogFile created!]
[02.04.2019	21:20:08:396]	[CREATED]	[New LogFile created!]
[02.04.2019	21:20:52:699]	[CREATED]	[New LogFile created!]
[02.04.2019	21:23:47:448]	[CREATED]	[New LogFile created!]
[02.04.2019	21:24:12:895]	[CREATED]	[New LogFile created!]
[02.04.2019	21:24:36:651]	[CREATED]	[New LogFile created!]
[02.04.2019	21:24:36:659]	[CREATED]	[New settingfile created!]
=======
[02.04.2019	20:43:21:332]	[CREATED]	[New LogFile created!]
[02.04.2019	20:49:43:032]	[CREATED]	[New LogFile created!]
[02.04.2019	20:57:54:146]	[CREATED]	[New LogFile created!]
[02.04.2019	21:00:07:650]	[CREATED]	[New LogFile created!]
[02.04.2019	21:01:25:951]	[CREATED]	[New LogFile created!]
[02.04.2019	21:01:40:948]	[CREATED]	[New LogFile created!]
[02.04.2019	21:10:43:144]	[CREATED]	[New LogFile created!]
[02.04.2019	21:11:03:061]	[CREATED]	[New LogFile created!]
[02.04.2019	21:12:15:738]	[CREATED]	[New LogFile created!]
[02.04.2019	21:12:39:165]	[CREATED]	[New LogFile created!]
[02.04.2019	21:13:00:586]	[CREATED]	[New LogFile created!]
[02.04.2019	21:21:56:683]	[CREATED]	[New LogFile created!]
[02.04.2019	21:22:22:751]	[CREATED]	[New LogFile created!]
[02.04.2019	21:23:32:762]	[CREATED]	[New LogFile created!]
[02.04.2019	21:23:46:746]	[CREATED]	[New LogFile created!]
[02.04.2019	21:23:54:143]	[CREATED]	[New LogFile created!]
[02.04.2019	21:24:41:120]	[CREATED]	[New LogFile created!]
[02.04.2019	21:25:12:171]	[CREATED]	[New LogFile created!]
[02.04.2019	21:26:27:743]	[CREATED]	[New LogFile created!]
[02.04.2019	21:26:44:042]	[CREATED]	[New LogFile created!]
[02.04.2019	21:26:55:622]	[CREATED]	[New LogFile created!]
>>>>>>> branch 'advanced_clock' of https://github.com/linde9821/SmartMirror
